<?xml version="1.0" encoding="UTF-8"?>
<robot generator="Robot 5.0.1 (Python 3.11.1 on darwin)" generated="20230104 10:50:21.704" rpa="false" schemaversion="3">
<suite id="s1" name="Install Debian Pckg" source="/Users/glis/GligorGit/tasks/install_debian_pckg.robot">
<kw name="DUT Connection" type="SETUP">
<kw name="Open Connection" library="SSHLibrary">
<arg>${DUT}</arg>
<doc>Opens a new SSH connection to the given ``host`` and ``port``.</doc>
<status status="PASS" starttime="20230104 10:50:24.621" endtime="20230104 10:50:24.621"/>
</kw>
<kw name="Login" library="SSHLibrary">
<arg>${USERNAME}</arg>
<arg>${PASSWORD}</arg>
<doc>Logs into the SSH server with the given ``username`` and ``password``.</doc>
<msg timestamp="20230104 10:50:24.621" level="INFO">Logging into '192.168.1.110:22' as 'pi'.</msg>
<msg timestamp="20230104 10:50:26.185" level="INFO">Read output: Linux raspberrypi 5.15.61-v8+ #1579 SMP PREEMPT Fri Aug 26 11:16:44 BST 2022 aarch64

The programs included with the Debian GNU/Linux system are free software;
the exact distribution terms for each program are described in the
individual files in /usr/share/doc/*/copyright.

Debian GNU/Linux comes with ABSOLUTELY NO WARRANTY, to the extent
permitted by applicable law.
Last login: Wed Jan  4 09:49:35 2023 from 192.168.1.4

Wi-Fi is currently blocked by rfkill.
Use raspi-config to set the country before use.

[?2004h(pi:110) pi@raspberrypi:~$</msg>
<status status="PASS" starttime="20230104 10:50:24.621" endtime="20230104 10:50:26.186"/>
</kw>
<status status="PASS" starttime="20230104 10:50:24.621" endtime="20230104 10:50:26.187"/>
</kw>
<test id="s1-t1" name="Prerequisites DUT" line="18">
<kw name="Create Timestamp">
<kw name="Get Current Date" library="DateTime">
<var>${timestamp}</var>
<arg>result_format=%d%m%Y%H%M%S</arg>
<doc>Returns current local or UTC time with an optional increment.</doc>
<msg timestamp="20230104 10:50:26.194" level="INFO">${timestamp} = 04012023105026</msg>
<status status="PASS" starttime="20230104 10:50:26.193" endtime="20230104 10:50:26.194"/>
</kw>
<kw name="Set Suite Variable" library="BuiltIn">
<arg>${timestamp}</arg>
<doc>Makes a variable available everywhere within the scope of the current suite.</doc>
<msg timestamp="20230104 10:50:26.195" level="INFO">${timestamp} = 04012023105026</msg>
<status status="PASS" starttime="20230104 10:50:26.194" endtime="20230104 10:50:26.195"/>
</kw>
<status status="PASS" starttime="20230104 10:50:26.193" endtime="20230104 10:50:26.195"/>
</kw>
<kw name="Define Device id">
<kw name="Set Variable" library="BuiltIn">
<var>${DeviceID}</var>
<arg>CH_DEV_CONF_MGMT</arg>
<doc>Returns the given values which can then be assigned to a variables.</doc>
<msg timestamp="20230104 10:50:26.196" level="INFO">${DeviceID} = CH_DEV_CONF_MGMT</msg>
<status status="PASS" starttime="20230104 10:50:26.196" endtime="20230104 10:50:26.196"/>
</kw>
<kw name="Set Suite Variable" library="BuiltIn">
<arg>${DeviceID}</arg>
<doc>Makes a variable available everywhere within the scope of the current suite.</doc>
<msg timestamp="20230104 10:50:26.197" level="INFO">${DeviceID} = CH_DEV_CONF_MGMT</msg>
<status status="PASS" starttime="20230104 10:50:26.196" endtime="20230104 10:50:26.197"/>
</kw>
<status status="PASS" starttime="20230104 10:50:26.195" endtime="20230104 10:50:26.197"/>
</kw>
<kw name="Disconnect from c8y">
<kw name="Execute Command" library="SSHLibrary">
<arg>sudo tedge disconnect c8y</arg>
<doc>Executes ``command`` on the remote machine and returns its outputs.</doc>
<msg timestamp="20230104 10:50:26.198" level="INFO">Executing command 'sudo tedge disconnect c8y'.</msg>
<msg timestamp="20230104 10:50:27.376" level="INFO">Command exited with return code 0.</msg>
<status status="PASS" starttime="20230104 10:50:26.198" endtime="20230104 10:50:27.377"/>
</kw>
<status status="PASS" starttime="20230104 10:50:26.197" endtime="20230104 10:50:27.378"/>
</kw>
<kw name="Uninstall tedge with purge">
<kw name="Execute Command" library="SSHLibrary">
<arg>wget https://raw.githubusercontent.com/thin-edge/thin-edge.io/main/uninstall-thin-edge_io.sh</arg>
<doc>Executes ``command`` on the remote machine and returns its outputs.</doc>
<msg timestamp="20230104 10:50:27.380" level="INFO">Executing command 'wget https://raw.githubusercontent.com/thin-edge/thin-edge.io/main/uninstall-thin-edge_io.sh'.</msg>
<msg timestamp="20230104 10:50:27.876" level="INFO">Command exited with return code 0.</msg>
<status status="PASS" starttime="20230104 10:50:27.380" endtime="20230104 10:50:27.877"/>
</kw>
<kw name="Execute Command" library="SSHLibrary">
<arg>chmod a+x uninstall-thin-edge_io.sh</arg>
<doc>Executes ``command`` on the remote machine and returns its outputs.</doc>
<msg timestamp="20230104 10:50:27.878" level="INFO">Executing command 'chmod a+x uninstall-thin-edge_io.sh'.</msg>
<msg timestamp="20230104 10:50:27.939" level="INFO">Command exited with return code 0.</msg>
<status status="PASS" starttime="20230104 10:50:27.878" endtime="20230104 10:50:27.939"/>
</kw>
<kw name="Execute Command" library="SSHLibrary">
<arg>./uninstall-thin-edge_io.sh purge</arg>
<doc>Executes ``command`` on the remote machine and returns its outputs.</doc>
<msg timestamp="20230104 10:50:27.940" level="INFO">Executing command './uninstall-thin-edge_io.sh purge'.</msg>
<msg timestamp="20230104 10:51:00.564" level="INFO">Command exited with return code 0.</msg>
<status status="PASS" starttime="20230104 10:50:27.939" endtime="20230104 10:51:00.566"/>
</kw>
<status status="PASS" starttime="20230104 10:50:27.379" endtime="20230104 10:51:00.567"/>
</kw>
<status status="PASS" starttime="20230104 10:50:26.188" endtime="20230104 10:51:00.568"/>
</test>
<test id="s1-t2" name="Installing tedge on DUT" line="23">
<kw name="Install Mosquitto">
<kw name="Execute Command" library="SSHLibrary">
<var>${rc}</var>
<arg>sudo apt-get --assume-yes install mosquitto</arg>
<arg>return_stdout=False</arg>
<arg>return_rc=True</arg>
<doc>Executes ``command`` on the remote machine and returns its outputs.</doc>
<msg timestamp="20230104 10:51:00.574" level="INFO">Executing command 'sudo apt-get --assume-yes install mosquitto'.</msg>
<msg timestamp="20230104 10:51:02.526" level="INFO">Command exited with return code 0.</msg>
<msg timestamp="20230104 10:51:02.526" level="INFO">${rc} = 0</msg>
<status status="PASS" starttime="20230104 10:51:00.574" endtime="20230104 10:51:02.526"/>
</kw>
<kw name="Should Be Equal" library="BuiltIn">
<arg>${rc}</arg>
<arg>${0}</arg>
<doc>Fails if the given objects are unequal.</doc>
<status status="PASS" starttime="20230104 10:51:02.527" endtime="20230104 10:51:02.527"/>
</kw>
<status status="PASS" starttime="20230104 10:51:00.573" endtime="20230104 10:51:02.527"/>
</kw>
<kw name="Install Libmosquitto1">
<kw name="Execute Command" library="SSHLibrary">
<var>${rc}</var>
<arg>sudo apt-get --assume-yes install libmosquitto1</arg>
<arg>return_stdout=False</arg>
<arg>return_rc=True</arg>
<doc>Executes ``command`` on the remote machine and returns its outputs.</doc>
<msg timestamp="20230104 10:51:02.529" level="INFO">Executing command 'sudo apt-get --assume-yes install libmosquitto1'.</msg>
<msg timestamp="20230104 10:51:04.540" level="INFO">Command exited with return code 0.</msg>
<msg timestamp="20230104 10:51:04.542" level="INFO">${rc} = 0</msg>
<status status="PASS" starttime="20230104 10:51:02.528" endtime="20230104 10:51:04.542"/>
</kw>
<kw name="Should Be Equal" library="BuiltIn">
<arg>${rc}</arg>
<arg>${0}</arg>
<doc>Fails if the given objects are unequal.</doc>
<status status="PASS" starttime="20230104 10:51:04.543" endtime="20230104 10:51:04.544"/>
</kw>
<status status="PASS" starttime="20230104 10:51:02.528" endtime="20230104 10:51:04.544"/>
</kw>
<kw name="Install Collectd-core">
<kw name="Execute Command" library="SSHLibrary">
<var>${rc}</var>
<arg>sudo apt-get --assume-yes install collectd-core</arg>
<arg>return_stdout=False</arg>
<arg>return_rc=True</arg>
<doc>Executes ``command`` on the remote machine and returns its outputs.</doc>
<msg timestamp="20230104 10:51:04.548" level="INFO">Executing command 'sudo apt-get --assume-yes install collectd-core'.</msg>
<msg timestamp="20230104 10:51:06.576" level="INFO">Command exited with return code 0.</msg>
<msg timestamp="20230104 10:51:06.578" level="INFO">${rc} = 0</msg>
<status status="PASS" starttime="20230104 10:51:04.547" endtime="20230104 10:51:06.578"/>
</kw>
<kw name="Should Be Equal" library="BuiltIn">
<arg>${rc}</arg>
<arg>${0}</arg>
<doc>Fails if the given objects are unequal.</doc>
<status status="PASS" starttime="20230104 10:51:06.579" endtime="20230104 10:51:06.582"/>
</kw>
<status status="PASS" starttime="20230104 10:51:04.547" endtime="20230104 10:51:06.583"/>
</kw>
<kw name="Install thin-edge.io">
<kw name="Execute Command" library="SSHLibrary">
<var>${rc}</var>
<arg>sudo dpkg -i ./debian*/tedge_0*.deb</arg>
<arg>return_stdout=False</arg>
<arg>return_rc=True</arg>
<doc>Executes ``command`` on the remote machine and returns its outputs.</doc>
<msg timestamp="20230104 10:51:06.584" level="INFO">Executing command 'sudo dpkg -i ./debian*/tedge_0*.deb'.</msg>
<msg timestamp="20230104 10:51:08.685" level="INFO">Command exited with return code 0.</msg>
<msg timestamp="20230104 10:51:08.686" level="INFO">${rc} = 0</msg>
<status status="PASS" starttime="20230104 10:51:06.584" endtime="20230104 10:51:08.686"/>
</kw>
<kw name="Should Be Equal" library="BuiltIn">
<arg>${rc}</arg>
<arg>${0}</arg>
<doc>Fails if the given objects are unequal.</doc>
<status status="PASS" starttime="20230104 10:51:08.687" endtime="20230104 10:51:08.688"/>
</kw>
<status status="PASS" starttime="20230104 10:51:06.583" endtime="20230104 10:51:08.690"/>
</kw>
<kw name="Install tedge mapper">
<kw name="Execute Command" library="SSHLibrary">
<var>${rc}</var>
<arg>sudo dpkg -i ./debian*/tedge-mapper_0*.deb</arg>
<arg>return_stdout=False</arg>
<arg>return_rc=True</arg>
<doc>Executes ``command`` on the remote machine and returns its outputs.</doc>
<msg timestamp="20230104 10:51:08.692" level="INFO">Executing command 'sudo dpkg -i ./debian*/tedge-mapper_0*.deb'.</msg>
<msg timestamp="20230104 10:51:14.389" level="INFO">Command exited with return code 0.</msg>
<msg timestamp="20230104 10:51:14.390" level="INFO">${rc} = 0</msg>
<status status="PASS" starttime="20230104 10:51:08.692" endtime="20230104 10:51:14.390"/>
</kw>
<kw name="Should Be Equal" library="BuiltIn">
<arg>${rc}</arg>
<arg>${0}</arg>
<doc>Fails if the given objects are unequal.</doc>
<status status="PASS" starttime="20230104 10:51:14.391" endtime="20230104 10:51:14.392"/>
</kw>
<status status="PASS" starttime="20230104 10:51:08.691" endtime="20230104 10:51:14.393"/>
</kw>
<kw name="Install tedge agent">
<kw name="Execute Command" library="SSHLibrary">
<var>${rc}</var>
<arg>sudo dpkg -i ./debian*/tedge-agent_0*.deb</arg>
<arg>return_stdout=False</arg>
<arg>return_rc=True</arg>
<doc>Executes ``command`` on the remote machine and returns its outputs.</doc>
<msg timestamp="20230104 10:51:14.397" level="INFO">Executing command 'sudo dpkg -i ./debian*/tedge-agent_0*.deb'.</msg>
<msg timestamp="20230104 10:51:17.460" level="INFO">Command exited with return code 0.</msg>
<msg timestamp="20230104 10:51:17.461" level="INFO">${rc} = 0</msg>
<status status="PASS" starttime="20230104 10:51:14.396" endtime="20230104 10:51:17.461"/>
</kw>
<kw name="Should Be Equal" library="BuiltIn">
<arg>${rc}</arg>
<arg>${0}</arg>
<doc>Fails if the given objects are unequal.</doc>
<status status="PASS" starttime="20230104 10:51:17.463" endtime="20230104 10:51:17.464"/>
</kw>
<status status="PASS" starttime="20230104 10:51:14.395" endtime="20230104 10:51:17.464"/>
</kw>
<kw name="Install tedge apt plugin">
<kw name="Execute Command" library="SSHLibrary">
<var>${rc}</var>
<arg>sudo dpkg -i ./debian*/tedge-apt-plugin_0*.deb</arg>
<arg>return_stdout=False</arg>
<arg>return_rc=True</arg>
<doc>Executes ``command`` on the remote machine and returns its outputs.</doc>
<msg timestamp="20230104 10:51:17.465" level="INFO">Executing command 'sudo dpkg -i ./debian*/tedge-apt-plugin_0*.deb'.</msg>
<msg timestamp="20230104 10:51:18.334" level="INFO">Command exited with return code 0.</msg>
<msg timestamp="20230104 10:51:18.335" level="INFO">${rc} = 0</msg>
<status status="PASS" starttime="20230104 10:51:17.465" endtime="20230104 10:51:18.335"/>
</kw>
<kw name="Should Be Equal" library="BuiltIn">
<arg>${rc}</arg>
<arg>${0}</arg>
<doc>Fails if the given objects are unequal.</doc>
<status status="PASS" starttime="20230104 10:51:18.336" endtime="20230104 10:51:18.337"/>
</kw>
<status status="PASS" starttime="20230104 10:51:17.464" endtime="20230104 10:51:18.337"/>
</kw>
<kw name="Install tedge logfile request plugin">
<kw name="Execute Command" library="SSHLibrary">
<var>${rc}</var>
<arg>sudo dpkg -i ./debian*/c8y-log-plugin_0*.deb</arg>
<arg>return_stdout=False</arg>
<arg>return_rc=True</arg>
<doc>Executes ``command`` on the remote machine and returns its outputs.</doc>
<msg timestamp="20230104 10:51:18.339" level="INFO">Executing command 'sudo dpkg -i ./debian*/c8y-log-plugin_0*.deb'.</msg>
<msg timestamp="20230104 10:51:21.872" level="INFO">Command exited with return code 0.</msg>
<msg timestamp="20230104 10:51:21.872" level="INFO">${rc} = 0</msg>
<status status="PASS" starttime="20230104 10:51:18.338" endtime="20230104 10:51:21.872"/>
</kw>
<kw name="Should Be Equal" library="BuiltIn">
<arg>${rc}</arg>
<arg>${0}</arg>
<doc>Fails if the given objects are unequal.</doc>
<status status="PASS" starttime="20230104 10:51:21.873" endtime="20230104 10:51:21.873"/>
</kw>
<status status="PASS" starttime="20230104 10:51:18.338" endtime="20230104 10:51:21.874"/>
</kw>
<kw name="Install c8y configuration plugin">
<kw name="Execute Command" library="SSHLibrary">
<var>${rc}</var>
<arg>sudo dpkg -i ./debian*/c8y-configuration-plugin_0*.deb</arg>
<arg>return_stdout=False</arg>
<arg>return_rc=True</arg>
<doc>Executes ``command`` on the remote machine and returns its outputs.</doc>
<msg timestamp="20230104 10:51:21.875" level="INFO">Executing command 'sudo dpkg -i ./debian*/c8y-configuration-plugin_0*.deb'.</msg>
<msg timestamp="20230104 10:51:25.674" level="INFO">Command exited with return code 0.</msg>
<msg timestamp="20230104 10:51:25.674" level="INFO">${rc} = 0</msg>
<status status="PASS" starttime="20230104 10:51:21.875" endtime="20230104 10:51:25.674"/>
</kw>
<kw name="Should Be Equal" library="BuiltIn">
<arg>${rc}</arg>
<arg>${0}</arg>
<doc>Fails if the given objects are unequal.</doc>
<status status="PASS" starttime="20230104 10:51:25.675" endtime="20230104 10:51:25.675"/>
</kw>
<status status="PASS" starttime="20230104 10:51:21.874" endtime="20230104 10:51:25.675"/>
</kw>
<kw name="Install Watchdog">
<kw name="Execute Command" library="SSHLibrary">
<var>${rc}</var>
<arg>sudo dpkg -i ./debian*/tedge-watchdog_0*.deb</arg>
<arg>return_stdout=False</arg>
<arg>return_rc=True</arg>
<doc>Executes ``command`` on the remote machine and returns its outputs.</doc>
<msg timestamp="20230104 10:51:25.676" level="INFO">Executing command 'sudo dpkg -i ./debian*/tedge-watchdog_0*.deb'.</msg>
<msg timestamp="20230104 10:51:29.350" level="INFO">Command exited with return code 0.</msg>
<msg timestamp="20230104 10:51:29.350" level="INFO">${rc} = 0</msg>
<status status="PASS" starttime="20230104 10:51:25.676" endtime="20230104 10:51:29.350"/>
</kw>
<kw name="Should Be Equal" library="BuiltIn">
<arg>${rc}</arg>
<arg>${0}</arg>
<doc>Fails if the given objects are unequal.</doc>
<status status="PASS" starttime="20230104 10:51:29.351" endtime="20230104 10:51:29.352"/>
</kw>
<status status="PASS" starttime="20230104 10:51:25.675" endtime="20230104 10:51:29.352"/>
</kw>
<status status="PASS" starttime="20230104 10:51:00.569" endtime="20230104 10:51:29.353"/>
</test>
<test id="s1-t3" name="Connecting to c8y" line="35">
<kw name="Create self-signed certificate">
<kw name="Execute Command" library="SSHLibrary">
<arg>tedge cert remove</arg>
<doc>Executes ``command`` on the remote machine and returns its outputs.</doc>
<msg timestamp="20230104 10:51:29.359" level="INFO">Executing command 'tedge cert remove'.</msg>
<msg timestamp="20230104 10:51:29.407" level="INFO">Command exited with return code 0.</msg>
<status status="PASS" starttime="20230104 10:51:29.358" endtime="20230104 10:51:29.408"/>
</kw>
<kw name="Execute Command" library="SSHLibrary">
<var>${rc}</var>
<arg>sudo tedge cert create --device-id ${DeviceID}</arg>
<arg>return_stdout=False</arg>
<arg>return_rc=True</arg>
<doc>Executes ``command`` on the remote machine and returns its outputs.</doc>
<msg timestamp="20230104 10:51:29.409" level="INFO">Executing command 'sudo tedge cert create --device-id CH_DEV_CONF_MGMT'.</msg>
<msg timestamp="20230104 10:51:29.521" level="INFO">Command exited with return code 0.</msg>
<msg timestamp="20230104 10:51:29.523" level="INFO">${rc} = 0</msg>
<status status="PASS" starttime="20230104 10:51:29.408" endtime="20230104 10:51:29.523"/>
</kw>
<kw name="Should Be Equal" library="BuiltIn">
<arg>${rc}</arg>
<arg>${0}</arg>
<doc>Fails if the given objects are unequal.</doc>
<status status="PASS" starttime="20230104 10:51:29.523" endtime="20230104 10:51:29.524"/>
</kw>
<kw name="Execute Command" library="SSHLibrary">
<var>${output}</var>
<arg>sudo tedge cert show</arg>
<doc>Executes ``command`` on the remote machine and returns its outputs.</doc>
<msg timestamp="20230104 10:51:29.524" level="INFO">Executing command 'sudo tedge cert show'.</msg>
<msg timestamp="20230104 10:51:29.616" level="INFO">Command exited with return code 0.</msg>
<msg timestamp="20230104 10:51:29.618" level="INFO">${output} = Device certificate: /etc/tedge/device-certs/tedge-certificate.pem
Subject: CN=CH_DEV_CONF_MGMT, O=Thin Edge, OU=Test Device
Issuer: CN=CH_DEV_CONF_MGMT, O=Thin Edge, OU=Test Device
Valid from: Tue, 03...</msg>
<status status="PASS" starttime="20230104 10:51:29.524" endtime="20230104 10:51:29.618"/>
</kw>
<kw name="Should Contain" library="BuiltIn">
<arg>${output}</arg>
<arg>Device certificate: /etc/tedge/device-certs/tedge-certificate.pem</arg>
<doc>Fails if ``container`` does not contain ``item`` one or more times.</doc>
<status status="PASS" starttime="20230104 10:51:29.618" endtime="20230104 10:51:29.619"/>
</kw>
<status status="PASS" starttime="20230104 10:51:29.358" endtime="20230104 10:51:29.619"/>
</kw>
<kw name="Set c8y URL">
<kw name="Execute Command" library="SSHLibrary">
<var>${rc}</var>
<arg>sudo tedge config set c8y.url ${url_tedge}</arg>
<arg>return_stdout=False</arg>
<arg>return_rc=True</arg>
<doc>Executes ``command`` on the remote machine and returns its outputs.</doc>
<msg timestamp="20230104 10:51:29.621" level="INFO">Executing command 'sudo tedge config set c8y.url qaenvironment.eu-latest.cumulocity.com'.</msg>
<msg timestamp="20230104 10:51:29.706" level="INFO">Command exited with return code 0.</msg>
<msg timestamp="20230104 10:51:29.707" level="INFO">${rc} = 0</msg>
<status status="PASS" starttime="20230104 10:51:29.620" endtime="20230104 10:51:29.707"/>
</kw>
<kw name="Should Be Equal" library="BuiltIn">
<arg>${rc}</arg>
<arg>${0}</arg>
<doc>Fails if the given objects are unequal.</doc>
<status status="PASS" starttime="20230104 10:51:29.707" endtime="20230104 10:51:29.708"/>
</kw>
<status status="PASS" starttime="20230104 10:51:29.620" endtime="20230104 10:51:29.709"/>
</kw>
<kw name="Upload certificate">
<kw name="Write" library="SSHLibrary">
<arg>sudo tedge cert upload c8y --user ${user}</arg>
<doc>Writes the given ``text`` on the remote machine and appends a newline.</doc>
<msg timestamp="20230104 10:51:29.753" level="INFO">sudo tedge cert upload c8y --user systest_preparation [A[C[C[C[C[C[C[C[C[C[C[C[C[C[C[C[C[C[C[C[C[C[C[C[C[C[C[C[C[C[C[C[C[C[C[C[C[C[C[C[C[C[C[C[C[C[C[C[C[C[C[C[C[C[C[C[C[C[C[C[C[C[C[C[C[C[C[C[C[C[C[C[C[C[C[C[C[C[C[C[Kn</msg>
<status status="PASS" starttime="20230104 10:51:29.712" endtime="20230104 10:51:29.753"/>
</kw>
<kw name="Write" library="SSHLibrary">
<arg>${pass}</arg>
<doc>Writes the given ``text`` on the remote machine and appends a newline.</doc>
<msg timestamp="20230104 10:51:29.757" level="INFO">[?2004l***</msg>
<status status="PASS" starttime="20230104 10:51:29.753" endtime="20230104 10:51:29.757"/>
</kw>
<kw name="Sleep" library="BuiltIn">
<arg>60s</arg>
<doc>Pauses the test executed for the given time.</doc>
<msg timestamp="20230104 10:52:29.758" level="INFO">Slept 1 minute</msg>
<status status="PASS" starttime="20230104 10:51:29.757" endtime="20230104 10:52:29.759"/>
</kw>
<status status="PASS" starttime="20230104 10:51:29.709" endtime="20230104 10:52:29.759"/>
</kw>
<kw name="Connect to c8y">
<kw name="Execute Command" library="SSHLibrary">
<var>${output}</var>
<arg>sudo tedge connect c8y</arg>
<doc>Executes ``command`` on the remote machine and returns its outputs.</doc>
<msg timestamp="20230104 10:52:29.760" level="INFO">Executing command 'sudo tedge connect c8y'.</msg>
<msg timestamp="20230104 10:52:43.454" level="INFO">Command exited with return code 0.</msg>
<msg timestamp="20230104 10:52:43.455" level="INFO">${output} = The system config file '/etc/tedge/system.toml' doesn't exist. Use '/bin/systemctl' as a service manager.

Checking if systemd is available.

Checking if configuration for requested bridge already exi...</msg>
<status status="PASS" starttime="20230104 10:52:29.760" endtime="20230104 10:52:43.455"/>
</kw>
<kw name="Sleep" library="BuiltIn">
<arg>3s</arg>
<doc>Pauses the test executed for the given time.</doc>
<msg timestamp="20230104 10:52:46.458" level="INFO">Slept 3 seconds</msg>
<status status="PASS" starttime="20230104 10:52:43.456" endtime="20230104 10:52:46.459"/>
</kw>
<kw name="Should Contain" library="BuiltIn">
<arg>${output}</arg>
<arg>tedge-agent service successfully started and enabled!</arg>
<doc>Fails if ``container`` does not contain ``item`` one or more times.</doc>
<status status="PASS" starttime="20230104 10:52:46.460" endtime="20230104 10:52:46.461"/>
</kw>
<kw name="Execute Command" library="SSHLibrary">
<arg>rm *.deb | rm *.zip | rm *.sh*</arg>
<doc>Executes ``command`` on the remote machine and returns its outputs.</doc>
<msg timestamp="20230104 10:52:46.462" level="INFO">Executing command 'rm *.deb | rm *.zip | rm *.sh*'.</msg>
<msg timestamp="20230104 10:52:47.111" level="INFO">Command exited with return code 0.</msg>
<status status="PASS" starttime="20230104 10:52:46.461" endtime="20230104 10:52:47.112"/>
</kw>
<status status="PASS" starttime="20230104 10:52:29.760" endtime="20230104 10:52:47.113"/>
</kw>
<status status="PASS" starttime="20230104 10:51:29.353" endtime="20230104 10:52:47.114"/>
</test>
<kw name="Close All Connections" library="SSHLibrary" type="TEARDOWN">
<doc>Closes all open connections.</doc>
<status status="PASS" starttime="20230104 10:52:47.115" endtime="20230104 10:52:47.117"/>
</kw>
<status status="PASS" starttime="20230104 10:50:21.711" endtime="20230104 10:52:47.117"/>
</suite>
<statistics>
<total>
<stat pass="3" fail="0" skip="0">All Tests</stat>
</total>
<tag>
</tag>
<suite>
<stat pass="3" fail="0" skip="0" id="s1" name="Install Debian Pckg">Install Debian Pckg</stat>
</suite>
</statistics>
<errors>
</errors>
</robot>
