<?xml version="1.0" encoding="UTF-8"?>
<robot generator="Robot 6.0.1 (Python 3.9.6 on darwin)" generated="20221214 15:53:50.046" rpa="false" schemaversion="3">
<suite id="s1" name="Install Debian Pckg" source="/Users/glis/GligorGit/tasks/install_debian_pckg.robot">
<kw name="DUT Connection" type="SETUP">
<msg timestamp="20221214 15:53:52.954" level="TRACE">Arguments: [  ]</msg>
<kw name="Open Connection" library="SSHLibrary">
<arg>${DUT}</arg>
<doc>Opens a new SSH connection to the given ``host`` and ``port``.</doc>
<msg timestamp="20221214 15:53:52.955" level="TRACE">Arguments: [ '217.160.212.171' ]</msg>
<msg timestamp="20221214 15:53:52.955" level="TRACE">Return: 1</msg>
<status status="PASS" starttime="20221214 15:53:52.955" endtime="20221214 15:53:52.955"/>
</kw>
<kw name="Login" library="SSHLibrary">
<arg>${USERNAME}</arg>
<arg>${PASSWORD}</arg>
<doc>Logs into the SSH server with the given ``username`` and ``password``.</doc>
<msg timestamp="20221214 15:53:52.955" level="TRACE">Arguments: [ 'root' | 'P_oCtb5#T!' ]</msg>
<msg timestamp="20221214 15:53:52.955" level="INFO">Logging into '217.160.212.171:22' as 'root'.</msg>
<msg timestamp="20221214 15:53:53.383" level="DEBUG">Adding ssh-ed25519 host key for 217.160.212.171: b'6e9c453155bc3dd1c490b92024c48701'</msg>
<msg timestamp="20221214 15:53:53.790" level="DEBUG">[chan 0] Max packet in: 32768 bytes</msg>
<msg timestamp="20221214 15:53:55.145" level="INFO">Read output: Linux localhost 5.10.0-19-amd64 #1 SMP Debian 5.10.149-2 (2022-10-21) x86_64

The programs included with the Debian GNU/Linux system are free software;
the exact distribution terms for each program are described in the
individual files in /usr/share/doc/*/copyright.

Debian GNU/Linux comes with ABSOLUTELY NO WARRANTY, to the extent
permitted by applicable law.
Last login: Wed Dec 14 14:52:56 2022 from 77.28.117.157
[?2004hroot@localhost:~#</msg>
<msg timestamp="20221214 15:53:55.145" level="TRACE">Return: 'Linux localhost 5.10.0-19-amd64 #1 SMP Debian 5.10.149-2 (2022-10-21) x86_64\r\n\r\nThe programs included with the Debian GNU/Linux system are free software;\r\nthe exact distribution terms for each program are described in the\r\nindividual files in /usr/share/doc/*/copyright.\r\n\r\nDebian GNU/Linux comes with ABSOLUTELY NO WARRANTY, to the extent\r\npermitted by applicable law.\r\nLast login: Wed Dec 14 14:52:56 2022 from 77.28.117.157\r\r\n\x1b[?2004hroot@localhost:~# '</msg>
<status status="PASS" starttime="20221214 15:53:52.955" endtime="20221214 15:53:55.146"/>
</kw>
<msg timestamp="20221214 15:53:55.146" level="TRACE">Return: None</msg>
<status status="PASS" starttime="20221214 15:53:52.954" endtime="20221214 15:53:55.147"/>
</kw>
<test id="s1-t1" name="Prerequisites DUT" line="18">
<kw name="Create Timestamp">
<msg timestamp="20221214 15:53:55.151" level="TRACE">Arguments: [  ]</msg>
<kw name="Get Current Date" library="DateTime">
<var>${timestamp}</var>
<arg>result_format=%d%m%Y%H%M%S</arg>
<doc>Returns current local or UTC time with an optional increment.</doc>
<msg timestamp="20221214 15:53:55.152" level="TRACE">Arguments: [ result_format='%d%m%Y%H%M%S' ]</msg>
<msg timestamp="20221214 15:53:55.152" level="TRACE">Return: '14122022155355'</msg>
<msg timestamp="20221214 15:53:55.152" level="INFO">${timestamp} = 14122022155355</msg>
<status status="PASS" starttime="20221214 15:53:55.152" endtime="20221214 15:53:55.152"/>
</kw>
<kw name="Set Suite Variable" library="BuiltIn">
<arg>${timestamp}</arg>
<doc>Makes a variable available everywhere within the scope of the current suite.</doc>
<msg timestamp="20221214 15:53:55.153" level="TRACE">Arguments: [ '${timestamp}' ]</msg>
<msg timestamp="20221214 15:53:55.153" level="INFO">${timestamp} = 14122022155355</msg>
<msg timestamp="20221214 15:53:55.153" level="TRACE">Return: None</msg>
<status status="PASS" starttime="20221214 15:53:55.152" endtime="20221214 15:53:55.153"/>
</kw>
<msg timestamp="20221214 15:53:55.153" level="TRACE">Return: None</msg>
<status status="PASS" starttime="20221214 15:53:55.151" endtime="20221214 15:53:55.153"/>
</kw>
<kw name="Define Device id">
<msg timestamp="20221214 15:53:55.153" level="TRACE">Arguments: [  ]</msg>
<kw name="Set Variable" library="BuiltIn">
<var>${DeviceID}</var>
<arg>CH_DEV_CONF_MGMT</arg>
<doc>Returns the given values which can then be assigned to a variables.</doc>
<msg timestamp="20221214 15:53:55.153" level="TRACE">Arguments: [ 'CH_DEV_CONF_MGMT' ]</msg>
<msg timestamp="20221214 15:53:55.154" level="TRACE">Return: 'CH_DEV_CONF_MGMT'</msg>
<msg timestamp="20221214 15:53:55.154" level="INFO">${DeviceID} = CH_DEV_CONF_MGMT</msg>
<status status="PASS" starttime="20221214 15:53:55.153" endtime="20221214 15:53:55.154"/>
</kw>
<kw name="Set Suite Variable" library="BuiltIn">
<arg>${DeviceID}</arg>
<doc>Makes a variable available everywhere within the scope of the current suite.</doc>
<msg timestamp="20221214 15:53:55.154" level="TRACE">Arguments: [ '${DeviceID}' ]</msg>
<msg timestamp="20221214 15:53:55.154" level="INFO">${DeviceID} = CH_DEV_CONF_MGMT</msg>
<msg timestamp="20221214 15:53:55.154" level="TRACE">Return: None</msg>
<status status="PASS" starttime="20221214 15:53:55.154" endtime="20221214 15:53:55.154"/>
</kw>
<msg timestamp="20221214 15:53:55.154" level="TRACE">Return: None</msg>
<status status="PASS" starttime="20221214 15:53:55.153" endtime="20221214 15:53:55.154"/>
</kw>
<kw name="Disconnect from c8y">
<msg timestamp="20221214 15:53:55.154" level="TRACE">Arguments: [  ]</msg>
<kw name="Execute Command" library="SSHLibrary">
<arg>sudo tedge disconnect c8y</arg>
<doc>Executes ``command`` on the remote machine and returns its outputs.</doc>
<msg timestamp="20221214 15:53:55.154" level="TRACE">Arguments: [ 'sudo tedge disconnect c8y' ]</msg>
<msg timestamp="20221214 15:53:55.154" level="INFO">Executing command 'sudo tedge disconnect c8y'.</msg>
<msg timestamp="20221214 15:53:55.155" level="DEBUG">[chan 1] Max packet in: 32768 bytes</msg>
<msg timestamp="20221214 15:53:55.361" level="INFO">Command exited with return code 0.</msg>
<msg timestamp="20221214 15:53:55.362" level="TRACE">Return: "The system config file '/etc/tedge/system.toml' doesn't exist. Use '/bin/systemctl' as a service manager.\n\nRemoving Cumulocity bridge.\n\nBridge doesn't exist. Operation finished!"</msg>
<status status="PASS" starttime="20221214 15:53:55.154" endtime="20221214 15:53:55.362"/>
</kw>
<msg timestamp="20221214 15:53:55.363" level="TRACE">Return: None</msg>
<status status="PASS" starttime="20221214 15:53:55.154" endtime="20221214 15:53:55.363"/>
</kw>
<kw name="Uninstall tedge with purge">
<msg timestamp="20221214 15:53:55.364" level="TRACE">Arguments: [  ]</msg>
<kw name="Execute Command" library="SSHLibrary">
<arg>wget https://raw.githubusercontent.com/thin-edge/thin-edge.io/main/uninstall-thin-edge_io.sh</arg>
<doc>Executes ``command`` on the remote machine and returns its outputs.</doc>
<msg timestamp="20221214 15:53:55.365" level="TRACE">Arguments: [ 'wget https://raw.githubusercontent.com/thin-edge/thin-edge.io/main/uninstall-thin-edge_io.sh' ]</msg>
<msg timestamp="20221214 15:53:55.365" level="INFO">Executing command 'wget https://raw.githubusercontent.com/thin-edge/thin-edge.io/main/uninstall-thin-edge_io.sh'.</msg>
<msg timestamp="20221214 15:53:55.366" level="DEBUG">[chan 2] Max packet in: 32768 bytes</msg>
<msg timestamp="20221214 15:53:55.676" level="INFO">Command exited with return code 127.</msg>
<msg timestamp="20221214 15:53:55.676" level="TRACE">Return: ''</msg>
<status status="PASS" starttime="20221214 15:53:55.365" endtime="20221214 15:53:55.676"/>
</kw>
<kw name="Execute Command" library="SSHLibrary">
<arg>chmod a+x uninstall-thin-edge_io.sh</arg>
<doc>Executes ``command`` on the remote machine and returns its outputs.</doc>
<msg timestamp="20221214 15:53:55.676" level="TRACE">Arguments: [ 'chmod a+x uninstall-thin-edge_io.sh' ]</msg>
<msg timestamp="20221214 15:53:55.676" level="INFO">Executing command 'chmod a+x uninstall-thin-edge_io.sh'.</msg>
<msg timestamp="20221214 15:53:55.676" level="DEBUG">[chan 3] Max packet in: 32768 bytes</msg>
<msg timestamp="20221214 15:53:55.988" level="INFO">Command exited with return code 1.</msg>
<msg timestamp="20221214 15:53:55.988" level="TRACE">Return: ''</msg>
<status status="PASS" starttime="20221214 15:53:55.676" endtime="20221214 15:53:55.989"/>
</kw>
<kw name="Execute Command" library="SSHLibrary">
<arg>./uninstall-thin-edge_io.sh purge</arg>
<doc>Executes ``command`` on the remote machine and returns its outputs.</doc>
<msg timestamp="20221214 15:53:55.989" level="TRACE">Arguments: [ './uninstall-thin-edge_io.sh purge' ]</msg>
<msg timestamp="20221214 15:53:55.990" level="INFO">Executing command './uninstall-thin-edge_io.sh purge'.</msg>
<msg timestamp="20221214 15:53:55.990" level="DEBUG">[chan 4] Max packet in: 32768 bytes</msg>
<msg timestamp="20221214 15:53:56.307" level="INFO">Command exited with return code 127.</msg>
<msg timestamp="20221214 15:53:56.308" level="TRACE">Return: ''</msg>
<status status="PASS" starttime="20221214 15:53:55.989" endtime="20221214 15:53:56.308"/>
</kw>
<msg timestamp="20221214 15:53:56.309" level="TRACE">Return: None</msg>
<status status="PASS" starttime="20221214 15:53:55.363" endtime="20221214 15:53:56.309"/>
</kw>
<status status="PASS" starttime="20221214 15:53:55.147" endtime="20221214 15:53:56.310"/>
</test>
<test id="s1-t2" name="Installing tedge on DUT" line="24">
<kw name="Install Mosquitto">
<msg timestamp="20221214 15:53:56.315" level="TRACE">Arguments: [  ]</msg>
<kw name="Execute Command" library="SSHLibrary">
<var>${rc}</var>
<arg>sudo apt-get --assume-yes install mosquitto</arg>
<arg>return_stdout=False</arg>
<arg>return_rc=True</arg>
<doc>Executes ``command`` on the remote machine and returns its outputs.</doc>
<msg timestamp="20221214 15:53:56.315" level="TRACE">Arguments: [ 'sudo apt-get --assume-yes install mosquitto' | return_stdout=False | return_rc=True ]</msg>
<msg timestamp="20221214 15:53:56.316" level="INFO">Executing command 'sudo apt-get --assume-yes install mosquitto'.</msg>
<msg timestamp="20221214 15:53:56.316" level="DEBUG">[chan 5] Max packet in: 32768 bytes</msg>
<msg timestamp="20221214 15:53:57.281" level="INFO">Command exited with return code 0.</msg>
<msg timestamp="20221214 15:53:57.282" level="TRACE">Return: 0</msg>
<msg timestamp="20221214 15:53:57.282" level="INFO">${rc} = 0</msg>
<status status="PASS" starttime="20221214 15:53:56.315" endtime="20221214 15:53:57.283"/>
</kw>
<kw name="Should Be Equal" library="BuiltIn">
<arg>${rc}</arg>
<arg>${0}</arg>
<doc>Fails if the given objects are unequal.</doc>
<msg timestamp="20221214 15:53:57.285" level="TRACE">Arguments: [ 0 | 0 ]</msg>
<msg timestamp="20221214 15:53:57.286" level="DEBUG">Argument types are:
&lt;class 'int'&gt;
&lt;class 'int'&gt;</msg>
<msg timestamp="20221214 15:53:57.286" level="TRACE">Return: None</msg>
<status status="PASS" starttime="20221214 15:53:57.284" endtime="20221214 15:53:57.286"/>
</kw>
<msg timestamp="20221214 15:53:57.286" level="TRACE">Return: None</msg>
<status status="PASS" starttime="20221214 15:53:56.315" endtime="20221214 15:53:57.286"/>
</kw>
<kw name="Install Libmosquitto1">
<msg timestamp="20221214 15:53:57.287" level="TRACE">Arguments: [  ]</msg>
<kw name="Execute Command" library="SSHLibrary">
<var>${rc}</var>
<arg>sudo apt-get --assume-yes install libmosquitto1</arg>
<arg>return_stdout=False</arg>
<arg>return_rc=True</arg>
<doc>Executes ``command`` on the remote machine and returns its outputs.</doc>
<msg timestamp="20221214 15:53:57.288" level="TRACE">Arguments: [ 'sudo apt-get --assume-yes install libmosquitto1' | return_stdout=False | return_rc=True ]</msg>
<msg timestamp="20221214 15:53:57.288" level="INFO">Executing command 'sudo apt-get --assume-yes install libmosquitto1'.</msg>
<msg timestamp="20221214 15:53:57.288" level="DEBUG">[chan 6] Max packet in: 32768 bytes</msg>
<msg timestamp="20221214 15:53:58.088" level="INFO">Command exited with return code 0.</msg>
<msg timestamp="20221214 15:53:58.089" level="TRACE">Return: 0</msg>
<msg timestamp="20221214 15:53:58.089" level="INFO">${rc} = 0</msg>
<status status="PASS" starttime="20221214 15:53:57.288" endtime="20221214 15:53:58.090"/>
</kw>
<kw name="Should Be Equal" library="BuiltIn">
<arg>${rc}</arg>
<arg>${0}</arg>
<doc>Fails if the given objects are unequal.</doc>
<msg timestamp="20221214 15:53:58.092" level="TRACE">Arguments: [ 0 | 0 ]</msg>
<msg timestamp="20221214 15:53:58.092" level="DEBUG">Argument types are:
&lt;class 'int'&gt;
&lt;class 'int'&gt;</msg>
<msg timestamp="20221214 15:53:58.092" level="TRACE">Return: None</msg>
<status status="PASS" starttime="20221214 15:53:58.091" endtime="20221214 15:53:58.092"/>
</kw>
<msg timestamp="20221214 15:53:58.093" level="TRACE">Return: None</msg>
<status status="PASS" starttime="20221214 15:53:57.287" endtime="20221214 15:53:58.093"/>
</kw>
<kw name="Install Collectd-core">
<msg timestamp="20221214 15:53:58.094" level="TRACE">Arguments: [  ]</msg>
<kw name="Execute Command" library="SSHLibrary">
<var>${rc}</var>
<arg>sudo apt-get --assume-yes install collectd-core</arg>
<arg>return_stdout=False</arg>
<arg>return_rc=True</arg>
<doc>Executes ``command`` on the remote machine and returns its outputs.</doc>
<msg timestamp="20221214 15:53:58.094" level="TRACE">Arguments: [ 'sudo apt-get --assume-yes install collectd-core' | return_stdout=False | return_rc=True ]</msg>
<msg timestamp="20221214 15:53:58.094" level="INFO">Executing command 'sudo apt-get --assume-yes install collectd-core'.</msg>
<msg timestamp="20221214 15:53:58.094" level="DEBUG">[chan 7] Max packet in: 32768 bytes</msg>
<msg timestamp="20221214 15:53:58.862" level="INFO">Command exited with return code 0.</msg>
<msg timestamp="20221214 15:53:58.863" level="TRACE">Return: 0</msg>
<msg timestamp="20221214 15:53:58.863" level="INFO">${rc} = 0</msg>
<status status="PASS" starttime="20221214 15:53:58.094" endtime="20221214 15:53:58.863"/>
</kw>
<kw name="Should Be Equal" library="BuiltIn">
<arg>${rc}</arg>
<arg>${0}</arg>
<doc>Fails if the given objects are unequal.</doc>
<msg timestamp="20221214 15:53:58.865" level="TRACE">Arguments: [ 0 | 0 ]</msg>
<msg timestamp="20221214 15:53:58.866" level="DEBUG">Argument types are:
&lt;class 'int'&gt;
&lt;class 'int'&gt;</msg>
<msg timestamp="20221214 15:53:58.866" level="TRACE">Return: None</msg>
<status status="PASS" starttime="20221214 15:53:58.864" endtime="20221214 15:53:58.866"/>
</kw>
<msg timestamp="20221214 15:53:58.866" level="TRACE">Return: None</msg>
<status status="PASS" starttime="20221214 15:53:58.093" endtime="20221214 15:53:58.866"/>
</kw>
<kw name="Install thin-edge.io">
<msg timestamp="20221214 15:53:58.867" level="TRACE">Arguments: [  ]</msg>
<kw name="Execute Command" library="SSHLibrary">
<var>${rc}</var>
<arg>sudo dpkg -i ./debian*/tedge_0*.deb</arg>
<arg>return_stdout=False</arg>
<arg>return_rc=True</arg>
<doc>Executes ``command`` on the remote machine and returns its outputs.</doc>
<msg timestamp="20221214 15:53:58.867" level="TRACE">Arguments: [ 'sudo dpkg -i ./debian*/tedge_0*.deb' | return_stdout=False | return_rc=True ]</msg>
<msg timestamp="20221214 15:53:58.867" level="INFO">Executing command 'sudo dpkg -i ./debian*/tedge_0*.deb'.</msg>
<msg timestamp="20221214 15:53:58.868" level="DEBUG">[chan 8] Max packet in: 32768 bytes</msg>
<msg timestamp="20221214 15:53:59.572" level="INFO">Command exited with return code 0.</msg>
<msg timestamp="20221214 15:53:59.572" level="TRACE">Return: 0</msg>
<msg timestamp="20221214 15:53:59.572" level="INFO">${rc} = 0</msg>
<status status="PASS" starttime="20221214 15:53:58.867" endtime="20221214 15:53:59.573"/>
</kw>
<kw name="Should Be Equal" library="BuiltIn">
<arg>${rc}</arg>
<arg>${0}</arg>
<doc>Fails if the given objects are unequal.</doc>
<msg timestamp="20221214 15:53:59.574" level="TRACE">Arguments: [ 0 | 0 ]</msg>
<msg timestamp="20221214 15:53:59.574" level="DEBUG">Argument types are:
&lt;class 'int'&gt;
&lt;class 'int'&gt;</msg>
<msg timestamp="20221214 15:53:59.574" level="TRACE">Return: None</msg>
<status status="PASS" starttime="20221214 15:53:59.573" endtime="20221214 15:53:59.574"/>
</kw>
<msg timestamp="20221214 15:53:59.575" level="TRACE">Return: None</msg>
<status status="PASS" starttime="20221214 15:53:58.866" endtime="20221214 15:53:59.575"/>
</kw>
<kw name="Install tedge mapper">
<msg timestamp="20221214 15:53:59.575" level="TRACE">Arguments: [  ]</msg>
<kw name="Execute Command" library="SSHLibrary">
<var>${rc}</var>
<arg>sudo dpkg -i ./debian*/tedge-mapper_0*.deb</arg>
<arg>return_stdout=False</arg>
<arg>return_rc=True</arg>
<doc>Executes ``command`` on the remote machine and returns its outputs.</doc>
<msg timestamp="20221214 15:53:59.576" level="TRACE">Arguments: [ 'sudo dpkg -i ./debian*/tedge-mapper_0*.deb' | return_stdout=False | return_rc=True ]</msg>
<msg timestamp="20221214 15:53:59.576" level="INFO">Executing command 'sudo dpkg -i ./debian*/tedge-mapper_0*.deb'.</msg>
<msg timestamp="20221214 15:53:59.577" level="DEBUG">[chan 9] Max packet in: 32768 bytes</msg>
<msg timestamp="20221214 15:54:01.580" level="INFO">Command exited with return code 0.</msg>
<msg timestamp="20221214 15:54:01.580" level="TRACE">Return: 0</msg>
<msg timestamp="20221214 15:54:01.581" level="INFO">${rc} = 0</msg>
<status status="PASS" starttime="20221214 15:53:59.576" endtime="20221214 15:54:01.581"/>
</kw>
<kw name="Should Be Equal" library="BuiltIn">
<arg>${rc}</arg>
<arg>${0}</arg>
<doc>Fails if the given objects are unequal.</doc>
<msg timestamp="20221214 15:54:01.584" level="TRACE">Arguments: [ 0 | 0 ]</msg>
<msg timestamp="20221214 15:54:01.584" level="DEBUG">Argument types are:
&lt;class 'int'&gt;
&lt;class 'int'&gt;</msg>
<msg timestamp="20221214 15:54:01.584" level="TRACE">Return: None</msg>
<status status="PASS" starttime="20221214 15:54:01.582" endtime="20221214 15:54:01.584"/>
</kw>
<msg timestamp="20221214 15:54:01.585" level="TRACE">Return: None</msg>
<status status="PASS" starttime="20221214 15:53:59.575" endtime="20221214 15:54:01.585"/>
</kw>
<kw name="Install tedge agent">
<msg timestamp="20221214 15:54:01.586" level="TRACE">Arguments: [  ]</msg>
<kw name="Execute Command" library="SSHLibrary">
<var>${rc}</var>
<arg>sudo dpkg -i ./debian*/tedge-agent_0*.deb</arg>
<arg>return_stdout=False</arg>
<arg>return_rc=True</arg>
<doc>Executes ``command`` on the remote machine and returns its outputs.</doc>
<msg timestamp="20221214 15:54:01.586" level="TRACE">Arguments: [ 'sudo dpkg -i ./debian*/tedge-agent_0*.deb' | return_stdout=False | return_rc=True ]</msg>
<msg timestamp="20221214 15:54:01.587" level="INFO">Executing command 'sudo dpkg -i ./debian*/tedge-agent_0*.deb'.</msg>
<msg timestamp="20221214 15:54:01.587" level="DEBUG">[chan 10] Max packet in: 32768 bytes</msg>
<msg timestamp="20221214 15:54:02.804" level="INFO">Command exited with return code 0.</msg>
<msg timestamp="20221214 15:54:02.805" level="TRACE">Return: 0</msg>
<msg timestamp="20221214 15:54:02.805" level="INFO">${rc} = 0</msg>
<status status="PASS" starttime="20221214 15:54:01.586" endtime="20221214 15:54:02.805"/>
</kw>
<kw name="Should Be Equal" library="BuiltIn">
<arg>${rc}</arg>
<arg>${0}</arg>
<doc>Fails if the given objects are unequal.</doc>
<msg timestamp="20221214 15:54:02.808" level="TRACE">Arguments: [ 0 | 0 ]</msg>
<msg timestamp="20221214 15:54:02.808" level="DEBUG">Argument types are:
&lt;class 'int'&gt;
&lt;class 'int'&gt;</msg>
<msg timestamp="20221214 15:54:02.808" level="TRACE">Return: None</msg>
<status status="PASS" starttime="20221214 15:54:02.806" endtime="20221214 15:54:02.808"/>
</kw>
<msg timestamp="20221214 15:54:02.808" level="TRACE">Return: None</msg>
<status status="PASS" starttime="20221214 15:54:01.585" endtime="20221214 15:54:02.808"/>
</kw>
<kw name="Install tedge apama plugin">
<msg timestamp="20221214 15:54:02.809" level="TRACE">Arguments: [  ]</msg>
<kw name="Execute Command" library="SSHLibrary">
<var>${rc}</var>
<arg>sudo dpkg -i ./debian*/tedge-apama-plugin_0*.deb</arg>
<arg>return_stdout=False</arg>
<arg>return_rc=True</arg>
<doc>Executes ``command`` on the remote machine and returns its outputs.</doc>
<msg timestamp="20221214 15:54:02.809" level="TRACE">Arguments: [ 'sudo dpkg -i ./debian*/tedge-apama-plugin_0*.deb' | return_stdout=False | return_rc=True ]</msg>
<msg timestamp="20221214 15:54:02.810" level="INFO">Executing command 'sudo dpkg -i ./debian*/tedge-apama-plugin_0*.deb'.</msg>
<msg timestamp="20221214 15:54:02.810" level="DEBUG">[chan 11] Max packet in: 32768 bytes</msg>
<msg timestamp="20221214 15:54:03.259" level="INFO">Command exited with return code 0.</msg>
<msg timestamp="20221214 15:54:03.260" level="TRACE">Return: 0</msg>
<msg timestamp="20221214 15:54:03.260" level="INFO">${rc} = 0</msg>
<status status="PASS" starttime="20221214 15:54:02.809" endtime="20221214 15:54:03.260"/>
</kw>
<kw name="Should Be Equal" library="BuiltIn">
<arg>${rc}</arg>
<arg>${0}</arg>
<doc>Fails if the given objects are unequal.</doc>
<msg timestamp="20221214 15:54:03.262" level="TRACE">Arguments: [ 0 | 0 ]</msg>
<msg timestamp="20221214 15:54:03.262" level="DEBUG">Argument types are:
&lt;class 'int'&gt;
&lt;class 'int'&gt;</msg>
<msg timestamp="20221214 15:54:03.262" level="TRACE">Return: None</msg>
<status status="PASS" starttime="20221214 15:54:03.261" endtime="20221214 15:54:03.262"/>
</kw>
<msg timestamp="20221214 15:54:03.262" level="TRACE">Return: None</msg>
<status status="PASS" starttime="20221214 15:54:02.809" endtime="20221214 15:54:03.262"/>
</kw>
<kw name="Install tedge apt plugin">
<msg timestamp="20221214 15:54:03.263" level="TRACE">Arguments: [  ]</msg>
<kw name="Execute Command" library="SSHLibrary">
<var>${rc}</var>
<arg>sudo dpkg -i ./debian*/tedge-apt-plugin_0*.deb</arg>
<arg>return_stdout=False</arg>
<arg>return_rc=True</arg>
<doc>Executes ``command`` on the remote machine and returns its outputs.</doc>
<msg timestamp="20221214 15:54:03.263" level="TRACE">Arguments: [ 'sudo dpkg -i ./debian*/tedge-apt-plugin_0*.deb' | return_stdout=False | return_rc=True ]</msg>
<msg timestamp="20221214 15:54:03.264" level="INFO">Executing command 'sudo dpkg -i ./debian*/tedge-apt-plugin_0*.deb'.</msg>
<msg timestamp="20221214 15:54:03.264" level="DEBUG">[chan 12] Max packet in: 32768 bytes</msg>
<msg timestamp="20221214 15:54:03.711" level="INFO">Command exited with return code 0.</msg>
<msg timestamp="20221214 15:54:03.711" level="TRACE">Return: 0</msg>
<msg timestamp="20221214 15:54:03.711" level="INFO">${rc} = 0</msg>
<status status="PASS" starttime="20221214 15:54:03.263" endtime="20221214 15:54:03.712"/>
</kw>
<kw name="Should Be Equal" library="BuiltIn">
<arg>${rc}</arg>
<arg>${0}</arg>
<doc>Fails if the given objects are unequal.</doc>
<msg timestamp="20221214 15:54:03.713" level="TRACE">Arguments: [ 0 | 0 ]</msg>
<msg timestamp="20221214 15:54:03.713" level="DEBUG">Argument types are:
&lt;class 'int'&gt;
&lt;class 'int'&gt;</msg>
<msg timestamp="20221214 15:54:03.714" level="TRACE">Return: None</msg>
<status status="PASS" starttime="20221214 15:54:03.712" endtime="20221214 15:54:03.714"/>
</kw>
<msg timestamp="20221214 15:54:03.714" level="TRACE">Return: None</msg>
<status status="PASS" starttime="20221214 15:54:03.263" endtime="20221214 15:54:03.714"/>
</kw>
<kw name="Install tedge logfile request plugin">
<msg timestamp="20221214 15:54:03.715" level="TRACE">Arguments: [  ]</msg>
<kw name="Execute Command" library="SSHLibrary">
<var>${rc}</var>
<arg>sudo dpkg -i ./debian*/c8y-log-plugin_0*.deb</arg>
<arg>return_stdout=False</arg>
<arg>return_rc=True</arg>
<doc>Executes ``command`` on the remote machine and returns its outputs.</doc>
<msg timestamp="20221214 15:54:03.715" level="TRACE">Arguments: [ 'sudo dpkg -i ./debian*/c8y-log-plugin_0*.deb' | return_stdout=False | return_rc=True ]</msg>
<msg timestamp="20221214 15:54:03.715" level="INFO">Executing command 'sudo dpkg -i ./debian*/c8y-log-plugin_0*.deb'.</msg>
<msg timestamp="20221214 15:54:03.715" level="DEBUG">[chan 13] Max packet in: 32768 bytes</msg>
<msg timestamp="20221214 15:54:04.879" level="INFO">Command exited with return code 0.</msg>
<msg timestamp="20221214 15:54:04.879" level="TRACE">Return: 0</msg>
<msg timestamp="20221214 15:54:04.880" level="INFO">${rc} = 0</msg>
<status status="PASS" starttime="20221214 15:54:03.715" endtime="20221214 15:54:04.880"/>
</kw>
<kw name="Should Be Equal" library="BuiltIn">
<arg>${rc}</arg>
<arg>${0}</arg>
<doc>Fails if the given objects are unequal.</doc>
<msg timestamp="20221214 15:54:04.883" level="TRACE">Arguments: [ 0 | 0 ]</msg>
<msg timestamp="20221214 15:54:04.883" level="DEBUG">Argument types are:
&lt;class 'int'&gt;
&lt;class 'int'&gt;</msg>
<msg timestamp="20221214 15:54:04.883" level="TRACE">Return: None</msg>
<status status="PASS" starttime="20221214 15:54:04.881" endtime="20221214 15:54:04.883"/>
</kw>
<msg timestamp="20221214 15:54:04.883" level="TRACE">Return: None</msg>
<status status="PASS" starttime="20221214 15:54:03.714" endtime="20221214 15:54:04.883"/>
</kw>
<kw name="Install c8y configuration plugin">
<msg timestamp="20221214 15:54:04.884" level="TRACE">Arguments: [  ]</msg>
<kw name="Execute Command" library="SSHLibrary">
<var>${rc}</var>
<arg>sudo dpkg -i ./debian*/c8y-configuration-plugin_0*.deb</arg>
<arg>return_stdout=False</arg>
<arg>return_rc=True</arg>
<doc>Executes ``command`` on the remote machine and returns its outputs.</doc>
<msg timestamp="20221214 15:54:04.884" level="TRACE">Arguments: [ 'sudo dpkg -i ./debian*/c8y-configuration-plugin_0*.deb' | return_stdout=False | return_rc=True ]</msg>
<msg timestamp="20221214 15:54:04.884" level="INFO">Executing command 'sudo dpkg -i ./debian*/c8y-configuration-plugin_0*.deb'.</msg>
<msg timestamp="20221214 15:54:04.885" level="DEBUG">[chan 14] Max packet in: 32768 bytes</msg>
<msg timestamp="20221214 15:54:06.052" level="INFO">Command exited with return code 0.</msg>
<msg timestamp="20221214 15:54:06.053" level="TRACE">Return: 0</msg>
<msg timestamp="20221214 15:54:06.053" level="INFO">${rc} = 0</msg>
<status status="PASS" starttime="20221214 15:54:04.884" endtime="20221214 15:54:06.053"/>
</kw>
<kw name="Should Be Equal" library="BuiltIn">
<arg>${rc}</arg>
<arg>${0}</arg>
<doc>Fails if the given objects are unequal.</doc>
<msg timestamp="20221214 15:54:06.055" level="TRACE">Arguments: [ 0 | 0 ]</msg>
<msg timestamp="20221214 15:54:06.055" level="DEBUG">Argument types are:
&lt;class 'int'&gt;
&lt;class 'int'&gt;</msg>
<msg timestamp="20221214 15:54:06.055" level="TRACE">Return: None</msg>
<status status="PASS" starttime="20221214 15:54:06.054" endtime="20221214 15:54:06.055"/>
</kw>
<msg timestamp="20221214 15:54:06.055" level="TRACE">Return: None</msg>
<status status="PASS" starttime="20221214 15:54:04.884" endtime="20221214 15:54:06.056"/>
</kw>
<kw name="Install Watchdog">
<msg timestamp="20221214 15:54:06.056" level="TRACE">Arguments: [  ]</msg>
<kw name="Execute Command" library="SSHLibrary">
<var>${rc}</var>
<arg>sudo dpkg -i ./debian*/tedge-watchdog_0*.deb</arg>
<arg>return_stdout=False</arg>
<arg>return_rc=True</arg>
<doc>Executes ``command`` on the remote machine and returns its outputs.</doc>
<msg timestamp="20221214 15:54:06.057" level="TRACE">Arguments: [ 'sudo dpkg -i ./debian*/tedge-watchdog_0*.deb' | return_stdout=False | return_rc=True ]</msg>
<msg timestamp="20221214 15:54:06.057" level="INFO">Executing command 'sudo dpkg -i ./debian*/tedge-watchdog_0*.deb'.</msg>
<msg timestamp="20221214 15:54:06.057" level="DEBUG">[chan 15] Max packet in: 32768 bytes</msg>
<msg timestamp="20221214 15:54:07.499" level="INFO">Command exited with return code 0.</msg>
<msg timestamp="20221214 15:54:07.500" level="TRACE">Return: 0</msg>
<msg timestamp="20221214 15:54:07.500" level="INFO">${rc} = 0</msg>
<status status="PASS" starttime="20221214 15:54:06.056" endtime="20221214 15:54:07.500"/>
</kw>
<kw name="Should Be Equal" library="BuiltIn">
<arg>${rc}</arg>
<arg>${0}</arg>
<doc>Fails if the given objects are unequal.</doc>
<msg timestamp="20221214 15:54:07.503" level="TRACE">Arguments: [ 0 | 0 ]</msg>
<msg timestamp="20221214 15:54:07.503" level="DEBUG">Argument types are:
&lt;class 'int'&gt;
&lt;class 'int'&gt;</msg>
<msg timestamp="20221214 15:54:07.503" level="TRACE">Return: None</msg>
<status status="PASS" starttime="20221214 15:54:07.501" endtime="20221214 15:54:07.503"/>
</kw>
<msg timestamp="20221214 15:54:07.503" level="TRACE">Return: None</msg>
<status status="PASS" starttime="20221214 15:54:06.056" endtime="20221214 15:54:07.504"/>
</kw>
<status status="PASS" starttime="20221214 15:53:56.311" endtime="20221214 15:54:07.504"/>
</test>
<test id="s1-t3" name="Connecting to c8y" line="36">
<kw name="Create self-signed certificate">
<msg timestamp="20221214 15:54:07.508" level="TRACE">Arguments: [  ]</msg>
<kw name="Execute Command" library="SSHLibrary">
<var>${rc}</var>
<arg>sudo tedge cert create --device-id ${DeviceID}</arg>
<arg>return_stdout=False</arg>
<arg>return_rc=True</arg>
<doc>Executes ``command`` on the remote machine and returns its outputs.</doc>
<msg timestamp="20221214 15:54:07.509" level="TRACE">Arguments: [ 'sudo tedge cert create --device-id CH_DEV_CONF_MGMT' | return_stdout=False | return_rc=True ]</msg>
<msg timestamp="20221214 15:54:07.509" level="INFO">Executing command 'sudo tedge cert create --device-id CH_DEV_CONF_MGMT'.</msg>
<msg timestamp="20221214 15:54:07.509" level="DEBUG">[chan 16] Max packet in: 32768 bytes</msg>
<msg timestamp="20221214 15:54:07.900" level="INFO">Command exited with return code 1.</msg>
<msg timestamp="20221214 15:54:07.900" level="TRACE">Return: 1</msg>
<msg timestamp="20221214 15:54:07.901" level="INFO">${rc} = 1</msg>
<status status="PASS" starttime="20221214 15:54:07.508" endtime="20221214 15:54:07.901"/>
</kw>
<kw name="Should Be Equal" library="BuiltIn">
<arg>${rc}</arg>
<arg>${0}</arg>
<doc>Fails if the given objects are unequal.</doc>
<msg timestamp="20221214 15:54:07.904" level="TRACE">Arguments: [ 1 | 0 ]</msg>
<msg timestamp="20221214 15:54:07.904" level="DEBUG">Argument types are:
&lt;class 'int'&gt;
&lt;class 'int'&gt;</msg>
<msg timestamp="20221214 15:54:07.904" level="FAIL">1 != 0</msg>
<msg timestamp="20221214 15:54:07.904" level="DEBUG">Traceback (most recent call last):
  None
AssertionError: 1 != 0</msg>
<status status="FAIL" starttime="20221214 15:54:07.902" endtime="20221214 15:54:07.904"/>
</kw>
<kw name="Execute Command" library="SSHLibrary">
<var>${output}</var>
<arg>sudo tedge cert show</arg>
<doc>Executes ``command`` on the remote machine and returns its outputs.</doc>
<status status="NOT RUN" starttime="20221214 15:54:07.905" endtime="20221214 15:54:07.905"/>
</kw>
<kw name="Should Contain" library="BuiltIn">
<arg>${output}</arg>
<arg>Device certificate: /etc/tedge/device-certs/tedge-certificate.pem</arg>
<doc>Fails if ``container`` does not contain ``item`` one or more times.</doc>
<status status="NOT RUN" starttime="20221214 15:54:07.905" endtime="20221214 15:54:07.905"/>
</kw>
<status status="FAIL" starttime="20221214 15:54:07.508" endtime="20221214 15:54:07.905"/>
</kw>
<kw name="Set c8y URL">
<status status="NOT RUN" starttime="20221214 15:54:07.905" endtime="20221214 15:54:07.906"/>
</kw>
<kw name="Upload certificate">
<status status="NOT RUN" starttime="20221214 15:54:07.906" endtime="20221214 15:54:07.906"/>
</kw>
<kw name="Connect to c8y">
<status status="NOT RUN" starttime="20221214 15:54:07.906" endtime="20221214 15:54:07.906"/>
</kw>
<status status="FAIL" starttime="20221214 15:54:07.504" endtime="20221214 15:54:07.906">1 != 0</status>
</test>
<kw name="Close All Connections" library="SSHLibrary" type="TEARDOWN">
<doc>Closes all open connections.</doc>
<msg timestamp="20221214 15:54:07.907" level="TRACE">Arguments: [  ]</msg>
<msg timestamp="20221214 15:54:07.908" level="DEBUG">[chan 0] EOF sent (0)</msg>
<msg timestamp="20221214 15:54:07.908" level="TRACE">Return: None</msg>
<status status="PASS" starttime="20221214 15:54:07.907" endtime="20221214 15:54:07.908"/>
</kw>
<status status="FAIL" starttime="20221214 15:53:50.048" endtime="20221214 15:54:07.908"/>
</suite>
<statistics>
<total>
<stat pass="2" fail="1" skip="0">All Tests</stat>
</total>
<tag>
</tag>
<suite>
<stat pass="2" fail="1" skip="0" id="s1" name="Install Debian Pckg">Install Debian Pckg</stat>
</suite>
</statistics>
<errors>
</errors>
</robot>
